[0912/124758.866:ERROR:process_memory_win.cc(73)] ReadMemory at 0x7ff7c3df0000 of 64 bytes failed: Only part of a ReadProcessMemory or WriteProcessMemory request was completed. (0x12B)
[0912/124801.128:WARNING:pe_image_reader.cc(340)] could not read dos header from C:\Program Files (x86)\Google\Chrome\Application\chrome.exe
[0912/124801.128:ERROR:process_memory_win.cc(73)] ReadMemory at 0x7ffc7c540000 of 64 bytes failed: Only part of a ReadProcessMemory or WriteProcessMemory request was completed. (0x12B)
[0912/124801.128:WARNING:pe_image_reader.cc(340)] could not read dos header from C:\Windows\SYSTEM32\ntdll.dll
[0912/124801.129:ERROR:process_memory_win.cc(73)] ReadMemory at 0x7ffc7c160000 of 64 bytes failed: Only part of a ReadProcessMemory or WriteProcessMemory request was completed. (0x12B)
[0912/124801.277:WARNING:pe_image_reader.cc(340)] could not read dos header from C:\Windows\System32\KERNEL32.DLL
[0912/124801.277:ERROR:process_memory_win.cc(73)] ReadMemory at 0x7ffc78a90000 of 64 bytes failed: Only part of a ReadProcessMemory or WriteProcessMemory request was completed. (0x12B)
[0912/124801.277:WARNING:pe_image_reader.cc(340)] could not read dos header from C:\Windows\System32\KERNELBASE.dll
[0912/124801.278:ERROR:process_memory_win.cc(73)] ReadMemory at 0x7ffc43cf0000 of 64 bytes failed: Only part of a ReadProcessMemory or WriteProcessMemory request was completed. (0x12B)
[0912/124801.278:WARNING:pe_image_reader.cc(340)] could not read dos header from C:\Program Files (x86)\Google\Chrome\Application\76.0.3809.132\chrome_elf.dll
[0912/124801.278:ERROR:process_memory_win.cc(73)] ReadMemory at 0x7ffc742d0000 of 64 bytes failed: Only part of a ReadProcessMemory or WriteProcessMemory request was completed. (0x12B)
[0912/124801.278:WARNING:pe_image_reader.cc(340)] could not read dos header from C:\Windows\SYSTEM32\VERSION.dll
[0912/124801.278:ERROR:process_memory_win.cc(73)] ReadMemory at 0x7ffc7b3a0000 of 64 bytes failed: Only part of a ReadProcessMemory or WriteProcessMemory request was completed. (0x12B)
[0912/124801.278:WARNING:pe_image_reader.cc(340)] could not read dos header from C:\Windows\System32\msvcrt.dll
[0912/124801.278:ERROR:process_memory_win.cc(73)] ReadMemory at 0x7ffc79950000 of 64 bytes failed: Only part of a ReadProcessMemory or WriteProcessMemory request was completed. (0x12B)
[0912/124801.278:WARNING:pe_image_reader.cc(340)] could not read dos header from C:\Windows\System32\bcryptPrimitives.dll
[0912/124801.278:ERROR:process_memory_win.cc(73)] ReadMemory at 0x7ffc7ba70000 of 64 bytes failed: Only part of a ReadProcessMemory or WriteProcessMemory request was completed. (0x12B)
[0912/124801.278:WARNING:pe_image_reader.cc(340)] could not read dos header from C:\Windows\System32\ADVAPI32.dll
[0912/124801.278:ERROR:process_memory_win.cc(73)] ReadMemory at 0x7ffc7be10000 of 64 bytes failed: Only part of a ReadProcessMemory or WriteProcessMemory request was completed. (0x12B)
[0912/124801.278:WARNING:pe_image_reader.cc(340)] could not read dos header from C:\Windows\System32\sechost.dll
[0912/124801.278:ERROR:process_memory_win.cc(73)] ReadMemory at 0x7ffc7bfd0000 of 64 bytes failed: Only part of a ReadProcessMemory or WriteProcessMemory request was completed. (0x12B)
[0912/124801.278:WARNING:pe_image_reader.cc(340)] could not read dos header from C:\Windows\System32\RPCRT4.dll
[0912/124801.278:ERROR:process_memory_win.cc(73)] ReadMemory at 0x7ffc2f2a0000 of 64 bytes failed: Only part of a ReadProcessMemory or WriteProcessMemory request was completed. (0x12B)
[0912/124801.278:WARNING:pe_image_reader.cc(340)] could not read dos header from C:\Program Files (x86)\Google\Chrome\Application\76.0.3809.132\chrome_child.dll
[0912/124801.278:ERROR:process_memory_win.cc(73)] ReadMemory at 0x7ffc7bb20000 of 64 bytes failed: Only part of a ReadProcessMemory or WriteProcessMemory request was completed. (0x12B)
[0912/124801.278:WARNING:pe_image_reader.cc(340)] could not read dos header from C:\Windows\System32\OLEAUT32.dll
[0912/124801.278:ERROR:process_memory_win.cc(73)] ReadMemory at 0x7ffc796c0000 of 64 bytes failed: Only part of a ReadProcessMemory or WriteProcessMemory request was completed. (0x12B)
[0912/124801.278:WARNING:pe_image_reader.cc(340)] could not read dos header from C:\Windows\System32\msvcp_win.dll
[0912/124801.279:ERROR:process_memory_win.cc(73)] ReadMemory at 0x7ffc78930000 of 64 bytes failed: Only part of a ReadProcessMemory or WriteProcessMemory request was completed. (0x12B)
[0912/124801.279:WARNING:pe_image_reader.cc(340)] could not read dos header from C:\Windows\System32\ucrtbase.dll
[0912/124801.279:ERROR:process_memory_win.cc(73)] ReadMemory at 0x7ffc799d0000 of 64 bytes failed: Only part of a ReadProcessMemory or WriteProcessMemory request was completed. (0x12B)
[0912/124801.279:WARNING:pe_image_reader.cc(340)] could not read dos header from C:\Windows\System32\combase.dll
[0912/124801.279:ERROR:process_memory_win.cc(73)] ReadMemory at 0x7ffc7b240000 of 64 bytes failed: Only part of a ReadProcessMemory or WriteProcessMemory request was completed. (0x12B)
[0912/124801.279:WARNING:pe_image_reader.cc(340)] could not read dos header from C:\Windows\System32\WS2_32.dll
[0912/124801.279:ERROR:process_memory_win.cc(73)] ReadMemory at 0x7ffc79d00000 of 64 bytes failed: Only part of a ReadProcessMemory or WriteProcessMemory request was completed. (0x12B)
[0912/124801.279:WARNING:pe_image_reader.cc(340)] could not read dos header from C:\Windows\System32\GDI32.dll
[0912/124801.279:ERROR:process_memory_win.cc(73)] ReadMemory at 0x7ffc79760000 of 64 bytes failed: Only part of a ReadProcessMemory or WriteProcessMemory request was completed. (0x12B)
[0912/124801.279:WARNING:pe_image_reader.cc(340)] could not read dos header from C:\Windows\System32\gdi32full.dll
[0912/124801.279:ERROR:process_memory_win.cc(73)] ReadMemory at 0x7ffc7c230000 of 64 bytes failed: Only part of a ReadProcessMemory or WriteProcessMemory request was completed. (0x12B)
[0912/124801.279:WARNING:pe_image_reader.cc(340)] could not read dos header from C:\Windows\System32\USER32.dll
[0912/124801.279:ERROR:process_memory_win.cc(73)] ReadMemory at 0x7ffc78910000 of 64 bytes failed: Only part of a ReadProcessMemory or WriteProcessMemory request was completed. (0x12B)
[0912/124801.279:WARNING:pe_image_reader.cc(340)] could not read dos header from C:\Windows\System32\win32u.dll
[0912/124801.279:ERROR:process_memory_win.cc(73)] ReadMemory at 0x7ffc78a30000 of 64 bytes failed: Only part of a ReadProcessMemory or WriteProcessMemory request was completed. (0x12B)
[0912/124801.279:WARNING:pe_image_reader.cc(340)] could not read dos header from C:\Windows\System32\WINTRUST.dll
[0912/124801.279:ERROR:process_memory_win.cc(73)] ReadMemory at 0x7ffc788f0000 of 64 bytes failed: Only part of a ReadProcessMemory or WriteProcessMemory request was completed. (0x12B)
[0912/124801.279:WARNING:pe_image_reader.cc(340)] could not read dos header from C:\Windows\System32\MSASN1.dll
[0912/124801.279:ERROR:process_memory_win.cc(73)] ReadMemory at 0x7ffc79420000 of 64 bytes failed: Only part of a ReadProcessMemory or WriteProcessMemory request was completed. (0x12B)
[0912/124801.279:WARNING:pe_image_reader.cc(340)] could not read dos header from C:\Windows\System32\CRYPT32.dll
[0912/124801.279:ERROR:process_memory_win.cc(73)] ReadMemory at 0x7ffc77e20000 of 64 bytes failed: Only part of a ReadProcessMemory or WriteProcessMemory request was completed. (0x12B)
[0912/124801.279:WARNING:pe_image_reader.cc(340)] could not read dos header from C:\Windows\SYSTEM32\IPHLPAPI.DLL
[0912/124801.279:ERROR:process_memory_win.cc(73)] ReadMemory at 0x7ffc756d0000 of 64 bytes failed: Only part of a ReadProcessMemory or WriteProcessMemory request was completed. (0x12B)
[0912/124801.280:WARNING:pe_image_reader.cc(340)] could not read dos header from C:\Windows\SYSTEM32\WINMM.dll
[0912/124801.280:ERROR:process_memory_win.cc(73)] ReadMemory at 0x7ffc78750000 of 64 bytes failed: Only part of a ReadProcessMemory or WriteProcessMemory request was completed. (0x12B)
[0912/124801.280:WARNING:pe_image_reader.cc(340)] could not read dos header from C:\Windows\SYSTEM32\USERENV.dll
[0912/124801.280:ERROR:process_memory_win.cc(73)] ReadMemory at 0x7ffc788d0000 of 64 bytes failed: Only part of a ReadProcessMemory or WriteProcessMemory request was completed. (0x12B)
[0912/124801.280:WARNING:pe_image_reader.cc(340)] could not read dos header from C:\Windows\System32\profapi.dll
[0912/124801.280:ERROR:process_memory_win.cc(73)] ReadMemory at 0x7ffc6eb40000 of 64 bytes failed: Only part of a ReadProcessMemory or WriteProcessMemory request was completed. (0x12B)
[0912/124801.280:WARNING:pe_image_reader.cc(340)] could not read dos header from C:\Windows\SYSTEM32\DWrite.dll
[0912/124801.280:ERROR:process_memory_win.cc(73)] ReadMemory at 0x7ffc61f30000 of 64 bytes failed: Only part of a ReadProcessMemory or WriteProcessMemory request was completed. (0x12B)
[0912/124801.280:WARNING:pe_image_reader.cc(340)] could not read dos header from C:\Windows\SYSTEM32\WINSPOOL.DRV
[0912/124801.280:ERROR:process_memory_win.cc(73)] ReadMemory at 0x7ffc788b0000 of 64 bytes failed: Only part of a ReadProcessMemory or WriteProcessMemory request was completed. (0x12B)
[0912/124801.280:WARNING:pe_image_reader.cc(340)] could not read dos header from C:\Windows\System32\kernel.appcore.dll
[0912/124801.280:ERROR:process_memory_win.cc(73)] ReadMemory at 0x7ffc6a4d0000 of 64 bytes failed: Only part of a ReadProcessMemory or WriteProcessMemory request was completed. (0x12B)
[0912/124801.280:WARNING:pe_image_reader.cc(340)] could not read dos header from C:\Windows\SYSTEM32\dbghelp.dll
[0912/124801.280:ERROR:process_memory_win.cc(73)] ReadMemory at 0x7ffc6e750000 of 64 bytes failed: Only part of a ReadProcessMemory or WriteProcessMemory request was completed. (0x12B)
[0912/124801.280:WARNING:pe_image_reader.cc(340)] could not read dos header from C:\Windows\SYSTEM32\WINHTTP.dll
[0912/124801.280:ERROR:process_memory_win.cc(73)] ReadMemory at 0x7ffc61410000 of 64 bytes failed: Only part of a ReadProcessMemory or WriteProcessMemory request was completed. (0x12B)
[0912/124801.280:WARNING:pe_image_reader.cc(340)] could not read dos header from C:\Windows\SYSTEM32\Secur32.dll
[0912/124801.280:ERROR:process_memory_win.cc(73)] ReadMemory at 0x7ffc71b80000 of 64 bytes failed: Only part of a ReadProcessMemory or WriteProcessMemory request was completed. (0x12B)
[0912/124801.281:WARNING:pe_image_reader.cc(340)] could not read dos header from C:\Windows\SYSTEM32\dhcpcsvc.DLL
[0912/124801.281:ERROR:process_memory_win.cc(73)] ReadMemory at 0x7ffc7b1a0000 of 64 bytes failed: Only part of a ReadProcessMemory or WriteProcessMemory request was completed. (0x12B)
[0912/124801.281:WARNING:pe_image_reader.cc(340)] could not read dos header from C:\Windows\System32\NSI.dll
[0912/124801.281:ERROR:process_memory_win.cc(73)] ReadMemory at 0x7ffc756a0000 of 64 bytes failed: Only part of a ReadProcessMemory or WriteProcessMemory request was completed. (0x12B)
[0912/124801.281:WARNING:pe_image_reader.cc(340)] could not read dos header from C:\Windows\SYSTEM32\WINMMBASE.dll
[0912/124801.281:ERROR:process_memory_win.cc(73)] ReadMemory at 0x7ffc79900000 of 64 bytes failed: Only part of a ReadProcessMemory or WriteProcessMemory request was completed. (0x12B)
[0912/124801.281:WARNING:pe_image_reader.cc(340)] could not read dos header from C:\Windows\System32\cfgmgr32.dll
[0912/124801.281:ERROR:process_memory_win.cc(73)] ReadMemory at 0x7ffc75300000 of 64 bytes failed: Only part of a ReadProcessMemory or WriteProcessMemory request was completed. (0x12B)
[0912/124801.281:WARNING:pe_image_reader.cc(340)] could not read dos header from C:\Windows\SYSTEM32\PROPSYS.dll
[0912/124801.281:ERROR:process_memory_win.cc(73)] ReadMemory at 0x1b2f22f0000 of 64 bytes failed: Only part of a ReadProcessMemory or WriteProcessMemory request was completed. (0x12B)
[0912/124801.281:WARNING:pe_image_reader.cc(340)] could not read dos header from C:\Windows\System32\shcore.dll
[0912/124801.281:ERROR:process_memory_win.cc(73)] ReadMemory at 0x7ffc783b0000 of 64 bytes failed: Only part of a ReadProcessMemory or WriteProcessMemory request was completed. (0x12B)
[0912/124801.281:WARNING:pe_image_reader.cc(340)] could not read dos header from C:\Windows\SYSTEM32\bcrypt.dll
[0912/124801.281:ERROR:process_memory_win.cc(73)] ReadMemory at 0x7ffc78780000 of 64 bytes failed: Only part of a ReadProcessMemory or WriteProcessMemory request was completed. (0x12B)
[0912/124801.281:WARNING:pe_image_reader.cc(340)] could not read dos header from C:\Windows\SYSTEM32\SSPICLI.DLL
[0912/124801.281:ERROR:process_memory_win.cc(73)] ReadMemory at 0x7ffc7b210000 of 64 bytes failed: Only part of a ReadProcessMemory or WriteProcessMemory request was completed. (0x12B)
[0912/124801.281:WARNING:pe_image_reader.cc(340)] could not read dos header from C:\Windows\System32\IMM32.DLL
[0912/124801.281:ERROR:process_memory_win.cc(73)] ReadMemory at 0x7ffc782a0000 of 64 bytes failed: Only part of a ReadProcessMemory or WriteProcessMemory request was completed. (0x12B)
[0912/124801.281:WARNING:pe_image_reader.cc(340)] could not read dos header from C:\Windows\SYSTEM32\CRYPTBASE.DLL
[0912/124801.282:ERROR:process_memory_win.cc(73)] ReadMemory at 0x7ff7c3df0000 of 64 bytes failed: Only part of a ReadProcessMemory or WriteProcessMemory request was completed. (0x12B)
[0912/124801.282:WARNING:pe_image_reader.cc(340)] could not read dos header from C:\Program Files (x86)\Google\Chrome\Application\chrome.exe
[0912/124801.282:ERROR:process_memory_win.cc(73)] ReadMemory at 0x7ffc7c540000 of 64 bytes failed: Only part of a ReadProcessMemory or WriteProcessMemory request was completed. (0x12B)
[0912/124801.282:WARNING:pe_image_reader.cc(340)] could not read dos header from C:\Windows\SYSTEM32\ntdll.dll
[0912/124801.282:ERROR:process_memory_win.cc(73)] ReadMemory at 0x7ffc7c160000 of 64 bytes failed: Only part of a ReadProcessMemory or WriteProcessMemory request was completed. (0x12B)
[0912/124801.282:WARNING:pe_image_reader.cc(340)] could not read dos header from C:\Windows\System32\KERNEL32.DLL
[0912/124801.282:ERROR:process_memory_win.cc(73)] ReadMemory at 0x7ffc78a90000 of 64 bytes failed: Only part of a ReadProcessMemory or WriteProcessMemory request was completed. (0x12B)
[0912/124801.282:WARNING:pe_image_reader.cc(340)] could not read dos header from C:\Windows\System32\KERNELBASE.dll
[0912/124801.282:ERROR:process_memory_win.cc(73)] ReadMemory at 0x7ffc43cf0000 of 64 bytes failed: Only part of a ReadProcessMemory or WriteProcessMemory request was completed. (0x12B)
[0912/124801.282:WARNING:pe_image_reader.cc(340)] could not read dos header from C:\Program Files (x86)\Google\Chrome\Application\76.0.3809.132\chrome_elf.dll
[0912/124801.282:ERROR:process_memory_win.cc(73)] ReadMemory at 0x7ffc742d0000 of 64 bytes failed: Only part of a ReadProcessMemory or WriteProcessMemory request was completed. (0x12B)
[0912/124801.282:WARNING:pe_image_reader.cc(340)] could not read dos header from C:\Windows\SYSTEM32\VERSION.dll
[0912/124801.282:ERROR:process_memory_win.cc(73)] ReadMemory at 0x7ffc7b3a0000 of 64 bytes failed: Only part of a ReadProcessMemory or WriteProcessMemory request was completed. (0x12B)
[0912/124801.282:WARNING:pe_image_reader.cc(340)] could not read dos header from C:\Windows\System32\msvcrt.dll
[0912/124801.282:ERROR:process_memory_win.cc(73)] ReadMemory at 0x7ffc79950000 of 64 bytes failed: Only part of a ReadProcessMemory or WriteProcessMemory request was completed. (0x12B)
[0912/124801.282:WARNING:pe_image_reader.cc(340)] could not read dos header from C:\Windows\System32\bcryptPrimitives.dll
[0912/124801.282:ERROR:process_memory_win.cc(73)] ReadMemory at 0x7ffc7ba70000 of 64 bytes failed: Only part of a ReadProcessMemory or WriteProcessMemory request was completed. (0x12B)
[0912/124801.282:WARNING:pe_image_reader.cc(340)] could not read dos header from C:\Windows\System32\ADVAPI32.dll
[0912/124801.282:ERROR:process_memory_win.cc(73)] ReadMemory at 0x7ffc7be10000 of 64 bytes failed: Only part of a ReadProcessMemory or WriteProcessMemory request was completed. (0x12B)
[0912/124801.282:WARNING:pe_image_reader.cc(340)] could not read dos header from C:\Windows\System32\sechost.dll
[0912/124801.282:ERROR:process_memory_win.cc(73)] ReadMemory at 0x7ffc7bfd0000 of 64 bytes failed: Only part of a ReadProcessMemory or WriteProcessMemory request was completed. (0x12B)
[0912/124801.282:WARNING:pe_image_reader.cc(340)] could not read dos header from C:\Windows\System32\RPCRT4.dll
[0912/124801.283:ERROR:process_memory_win.cc(73)] ReadMemory at 0x7ffc2f2a0000 of 64 bytes failed: Only part of a ReadProcessMemory or WriteProcessMemory request was completed. (0x12B)
[0912/124801.283:WARNING:pe_image_reader.cc(340)] could not read dos header from C:\Program Files (x86)\Google\Chrome\Application\76.0.3809.132\chrome_child.dll
[0912/124801.283:ERROR:process_memory_win.cc(73)] ReadMemory at 0x7ffc7bb20000 of 64 bytes failed: Only part of a ReadProcessMemory or WriteProcessMemory request was completed. (0x12B)
[0912/124801.283:WARNING:pe_image_reader.cc(340)] could not read dos header from C:\Windows\System32\OLEAUT32.dll
[0912/124801.283:ERROR:process_memory_win.cc(73)] ReadMemory at 0x7ffc796c0000 of 64 bytes failed: Only part of a ReadProcessMemory or WriteProcessMemory request was completed. (0x12B)
[0912/124801.283:WARNING:pe_image_reader.cc(340)] could not read dos header from C:\Windows\System32\msvcp_win.dll
[0912/124801.283:ERROR:process_memory_win.cc(73)] ReadMemory at 0x7ffc78930000 of 64 bytes failed: Only part of a ReadProcessMemory or WriteProcessMemory request was completed. (0x12B)
[0912/124801.283:WARNING:pe_image_reader.cc(340)] could not read dos header from C:\Windows\System32\ucrtbase.dll
[0912/124801.283:ERROR:process_memory_win.cc(73)] ReadMemory at 0x7ffc799d0000 of 64 bytes failed: Only part of a ReadProcessMemory or WriteProcessMemory request was completed. (0x12B)
[0912/124801.283:WARNING:pe_image_reader.cc(340)] could not read dos header from C:\Windows\System32\combase.dll
[0912/124801.283:ERROR:process_memory_win.cc(73)] ReadMemory at 0x7ffc7b240000 of 64 bytes failed: Only part of a ReadProcessMemory or WriteProcessMemory request was completed. (0x12B)
[0912/124801.283:WARNING:pe_image_reader.cc(340)] could not read dos header from C:\Windows\System32\WS2_32.dll
[0912/124801.283:ERROR:process_memory_win.cc(73)] ReadMemory at 0x7ffc79d00000 of 64 bytes failed: Only part of a ReadProcessMemory or WriteProcessMemory request was completed. (0x12B)
[0912/124801.283:WARNING:pe_image_reader.cc(340)] could not read dos header from C:\Windows\System32\GDI32.dll
[0912/124801.283:ERROR:process_memory_win.cc(73)] ReadMemory at 0x7ffc79760000 of 64 bytes failed: Only part of a ReadProcessMemory or WriteProcessMemory request was completed. (0x12B)
[0912/124801.283:WARNING:pe_image_reader.cc(340)] could not read dos header from C:\Windows\System32\gdi32full.dll
[0912/124801.283:ERROR:process_memory_win.cc(73)] ReadMemory at 0x7ffc7c230000 of 64 bytes failed: Only part of a ReadProcessMemory or WriteProcessMemory request was completed. (0x12B)
[0912/124801.283:WARNING:pe_image_reader.cc(340)] could not read dos header from C:\Windows\System32\USER32.dll
[0912/124801.283:ERROR:process_memory_win.cc(73)] ReadMemory at 0x7ffc78910000 of 64 bytes failed: Only part of a ReadProcessMemory or WriteProcessMemory request was completed. (0x12B)
[0912/124801.283:WARNING:pe_image_reader.cc(340)] could not read dos header from C:\Windows\System32\win32u.dll
[0912/124801.283:ERROR:process_memory_win.cc(73)] ReadMemory at 0x7ffc78a30000 of 64 bytes failed: Only part of a ReadProcessMemory or WriteProcessMemory request was completed. (0x12B)
[0912/124801.283:WARNING:pe_image_reader.cc(340)] could not read dos header from C:\Windows\System32\WINTRUST.dll
[0912/124801.284:ERROR:process_memory_win.cc(73)] ReadMemory at 0x7ffc788f0000 of 64 bytes failed: Only part of a ReadProcessMemory or WriteProcessMemory request was completed. (0x12B)
[0912/124801.284:WARNING:pe_image_reader.cc(340)] could not read dos header from C:\Windows\System32\MSASN1.dll
[0912/124801.284:ERROR:process_memory_win.cc(73)] ReadMemory at 0x7ffc79420000 of 64 bytes failed: Only part of a ReadProcessMemory or WriteProcessMemory request was completed. (0x12B)
[0912/124801.284:WARNING:pe_image_reader.cc(340)] could not read dos header from C:\Windows\System32\CRYPT32.dll
[0912/124801.284:ERROR:process_memory_win.cc(73)] ReadMemory at 0x7ffc77e20000 of 64 bytes failed: Only part of a ReadProcessMemory or WriteProcessMemory request was completed. (0x12B)
[0912/124801.284:WARNING:pe_image_reader.cc(340)] could not read dos header from C:\Windows\SYSTEM32\IPHLPAPI.DLL
[0912/124801.284:ERROR:process_memory_win.cc(73)] ReadMemory at 0x7ffc756d0000 of 64 bytes failed: Only part of a ReadProcessMemory or WriteProcessMemory request was completed. (0x12B)
[0912/124801.284:WARNING:pe_image_reader.cc(340)] could not read dos header from C:\Windows\SYSTEM32\WINMM.dll
[0912/124801.284:ERROR:process_memory_win.cc(73)] ReadMemory at 0x7ffc78750000 of 64 bytes failed: Only part of a ReadProcessMemory or WriteProcessMemory request was completed. (0x12B)
[0912/124801.284:WARNING:pe_image_reader.cc(340)] could not read dos header from C:\Windows\SYSTEM32\USERENV.dll
[0912/124801.284:ERROR:process_memory_win.cc(73)] ReadMemory at 0x7ffc788d0000 of 64 bytes failed: Only part of a ReadProcessMemory or WriteProcessMemory request was completed. (0x12B)
[0912/124801.284:WARNING:pe_image_reader.cc(340)] could not read dos header from C:\Windows\System32\profapi.dll
[0912/124801.284:ERROR:process_memory_win.cc(73)] ReadMemory at 0x7ffc6eb40000 of 64 bytes failed: Only part of a ReadProcessMemory or WriteProcessMemory request was completed. (0x12B)
[0912/124801.284:WARNING:pe_image_reader.cc(340)] could not read dos header from C:\Windows\SYSTEM32\DWrite.dll
[0912/124801.284:ERROR:process_memory_win.cc(73)] ReadMemory at 0x7ffc61f30000 of 64 bytes failed: Only part of a ReadProcessMemory or WriteProcessMemory request was completed. (0x12B)
[0912/124801.284:WARNING:pe_image_reader.cc(340)] could not read dos header from C:\Windows\SYSTEM32\WINSPOOL.DRV
[0912/124801.284:ERROR:process_memory_win.cc(73)] ReadMemory at 0x7ffc788b0000 of 64 bytes failed: Only part of a ReadProcessMemory or WriteProcessMemory request was completed. (0x12B)
[0912/124801.284:WARNING:pe_image_reader.cc(340)] could not read dos header from C:\Windows\System32\kernel.appcore.dll
[0912/124801.284:ERROR:process_memory_win.cc(73)] ReadMemory at 0x7ffc6a4d0000 of 64 bytes failed: Only part of a ReadProcessMemory or WriteProcessMemory request was completed. (0x12B)
[0912/124801.284:WARNING:pe_image_reader.cc(340)] could not read dos header from C:\Windows\SYSTEM32\dbghelp.dll
[0912/124801.284:ERROR:process_memory_win.cc(73)] ReadMemory at 0x7ffc6e750000 of 64 bytes failed: Only part of a ReadProcessMemory or WriteProcessMemory request was completed. (0x12B)
[0912/124801.285:WARNING:pe_image_reader.cc(340)] could not read dos header from C:\Windows\SYSTEM32\WINHTTP.dll
[0912/124801.285:ERROR:process_memory_win.cc(73)] ReadMemory at 0x7ffc61410000 of 64 bytes failed: Only part of a ReadProcessMemory or WriteProcessMemory request was completed. (0x12B)
[0912/124801.285:WARNING:pe_image_reader.cc(340)] could not read dos header from C:\Windows\SYSTEM32\Secur32.dll
[0912/124801.285:ERROR:process_memory_win.cc(73)] ReadMemory at 0x7ffc71b80000 of 64 bytes failed: Only part of a ReadProcessMemory or WriteProcessMemory request was completed. (0x12B)
[0912/124801.285:WARNING:pe_image_reader.cc(340)] could not read dos header from C:\Windows\SYSTEM32\dhcpcsvc.DLL
[0912/124801.285:ERROR:process_memory_win.cc(73)] ReadMemory at 0x7ffc7b1a0000 of 64 bytes failed: Only part of a ReadProcessMemory or WriteProcessMemory request was completed. (0x12B)
[0912/124801.285:WARNING:pe_image_reader.cc(340)] could not read dos header from C:\Windows\System32\NSI.dll
[0912/124801.285:ERROR:process_memory_win.cc(73)] ReadMemory at 0x7ffc756a0000 of 64 bytes failed: Only part of a ReadProcessMemory or WriteProcessMemory request was completed. (0x12B)
[0912/124801.285:WARNING:pe_image_reader.cc(340)] could not read dos header from C:\Windows\SYSTEM32\WINMMBASE.dll
[0912/124801.285:ERROR:process_memory_win.cc(73)] ReadMemory at 0x7ffc79900000 of 64 bytes failed: Only part of a ReadProcessMemory or WriteProcessMemory request was completed. (0x12B)
[0912/124801.285:WARNING:pe_image_reader.cc(340)] could not read dos header from C:\Windows\System32\cfgmgr32.dll
[0912/124801.285:ERROR:process_memory_win.cc(73)] ReadMemory at 0x7ffc75300000 of 64 bytes failed: Only part of a ReadProcessMemory or WriteProcessMemory request was completed. (0x12B)
[0912/124801.285:WARNING:pe_image_reader.cc(340)] could not read dos header from C:\Windows\SYSTEM32\PROPSYS.dll
[0912/124801.285:ERROR:process_memory_win.cc(73)] ReadMemory at 0x1b2f22f0000 of 64 bytes failed: Only part of a ReadProcessMemory or WriteProcessMemory request was completed. (0x12B)
[0912/124801.285:WARNING:pe_image_reader.cc(340)] could not read dos header from C:\Windows\System32\shcore.dll
[0912/124801.285:ERROR:process_memory_win.cc(73)] ReadMemory at 0x7ffc783b0000 of 64 bytes failed: Only part of a ReadProcessMemory or WriteProcessMemory request was completed. (0x12B)
[0912/124801.285:WARNING:pe_image_reader.cc(340)] could not read dos header from C:\Windows\SYSTEM32\bcrypt.dll
[0912/124801.286:ERROR:process_memory_win.cc(73)] ReadMemory at 0x7ffc78780000 of 64 bytes failed: Only part of a ReadProcessMemory or WriteProcessMemory request was completed. (0x12B)
[0912/124801.286:WARNING:pe_image_reader.cc(340)] could not read dos header from C:\Windows\SYSTEM32\SSPICLI.DLL
[0912/124801.286:ERROR:process_memory_win.cc(73)] ReadMemory at 0x7ffc7b210000 of 64 bytes failed: Only part of a ReadProcessMemory or WriteProcessMemory request was completed. (0x12B)
[0912/124801.286:WARNING:pe_image_reader.cc(340)] could not read dos header from C:\Windows\System32\IMM32.DLL
[0912/124801.286:ERROR:process_memory_win.cc(73)] ReadMemory at 0x7ffc782a0000 of 64 bytes failed: Only part of a ReadProcessMemory or WriteProcessMemory request was completed. (0x12B)
[0912/124801.286:WARNING:pe_image_reader.cc(340)] could not read dos header from C:\Windows\SYSTEM32\CRYPTBASE.DLL
[0912/124801.939:ERROR:process_memory_win.cc(73)] ReadMemory at 0x7ddb9f8000 of 32768 bytes failed: Only part of a ReadProcessMemory or WriteProcessMemory request was completed. (0x12B)
[0912/124801.940:ERROR:process_memory_win.cc(73)] ReadMemory at 0x7ddbbff000 of 4096 bytes failed: Only part of a ReadProcessMemory or WriteProcessMemory request was completed. (0x12B)
[0912/124801.940:ERROR:process_memory_win.cc(73)] ReadMemory at 0x7ddbdfd000 of 12288 bytes failed: Only part of a ReadProcessMemory or WriteProcessMemory request was completed. (0x12B)
[0912/124801.940:ERROR:process_memory_win.cc(73)] ReadMemory at 0x7ddbffd000 of 12288 bytes failed: Only part of a ReadProcessMemory or WriteProcessMemory request was completed. (0x12B)
[0912/124801.940:ERROR:process_memory_win.cc(73)] ReadMemory at 0x7ddc1fd000 of 12288 bytes failed: Only part of a ReadProcessMemory or WriteProcessMemory request was completed. (0x12B)
[0912/124801.940:ERROR:process_memory_win.cc(73)] ReadMemory at 0x7ddc3fc000 of 16384 bytes failed: Only part of a ReadProcessMemory or WriteProcessMemory request was completed. (0x12B)
[0912/124801.940:ERROR:process_memory_win.cc(73)] ReadMemory at 0x7ddc5ff000 of 4096 bytes failed: Only part of a ReadProcessMemory or WriteProcessMemory request was completed. (0x12B)
[0912/124801.941:ERROR:process_memory_win.cc(73)] ReadMemory at 0x7ddc7fd000 of 12288 bytes failed: Only part of a ReadProcessMemory or WriteProcessMemory request was completed. (0x12B)
[0912/124801.941:ERROR:process_memory_win.cc(73)] ReadMemory at 0x7ddc9fd000 of 12288 bytes failed: Only part of a ReadProcessMemory or WriteProcessMemory request was completed. (0x12B)
[0912/124801.941:ERROR:process_memory_win.cc(73)] ReadMemory at 0x7ddcdfd000 of 12288 bytes failed: Only part of a ReadProcessMemory or WriteProcessMemory request was completed. (0x12B)
[0912/124801.941:ERROR:process_memory_win.cc(73)] ReadMemory at 0x7ddcffd000 of 12288 bytes failed: Only part of a ReadProcessMemory or WriteProcessMemory request was completed. (0x12B)
[0912/124801.941:ERROR:process_memory_win.cc(73)] ReadMemory at 0x7ddcbfe000 of 8192 bytes failed: Only part of a ReadProcessMemory or WriteProcessMemory request was completed. (0x12B)
[0912/124801.941:ERROR:process_memory_win.cc(73)] ReadMemory at 0x7ddb60c000 of 852 bytes failed: Only part of a ReadProcessMemory or WriteProcessMemory request was completed. (0x12B)
[0912/124801.941:ERROR:process_memory_win.cc(73)] ReadMemory at 0x7ddb60d000 of 6024 bytes failed: Only part of a ReadProcessMemory or WriteProcessMemory request was completed. (0x12B)
[0912/124801.941:ERROR:process_memory_win.cc(73)] ReadMemory at 0x7ddb60f000 of 6024 bytes failed: Only part of a ReadProcessMemory or WriteProcessMemory request was completed. (0x12B)
[0912/124801.942:ERROR:process_memory_win.cc(73)] ReadMemory at 0x7ddb611000 of 6024 bytes failed: Only part of a ReadProcessMemory or WriteProcessMemory request was completed. (0x12B)
[0912/124801.942:ERROR:process_memory_win.cc(73)] ReadMemory at 0x7ddb613000 of 6024 bytes failed: Only part of a ReadProcessMemory or WriteProcessMemory request was completed. (0x12B)
[0912/124801.942:ERROR:process_memory_win.cc(73)] ReadMemory at 0x7ddb615000 of 6024 bytes failed: Only part of a ReadProcessMemory or WriteProcessMemory request was completed. (0x12B)
[0912/124801.942:ERROR:process_memory_win.cc(73)] ReadMemory at 0x7ddb617000 of 6024 bytes failed: Only part of a ReadProcessMemory or WriteProcessMemory request was completed. (0x12B)
[0912/124801.942:ERROR:process_memory_win.cc(73)] ReadMemory at 0x7ddb619000 of 6024 bytes failed: Only part of a ReadProcessMemory or WriteProcessMemory request was completed. (0x12B)
[0912/124801.942:ERROR:process_memory_win.cc(73)] ReadMemory at 0x7ddb61b000 of 6024 bytes failed: Only part of a ReadProcessMemory or WriteProcessMemory request was completed. (0x12B)
[0912/124801.943:ERROR:process_memory_win.cc(73)] ReadMemory at 0x7ddb61d000 of 6024 bytes failed: Only part of a ReadProcessMemory or WriteProcessMemory request was completed. (0x12B)
[0912/124801.943:ERROR:process_memory_win.cc(73)] ReadMemory at 0x7ddb621000 of 6024 bytes failed: Only part of a ReadProcessMemory or WriteProcessMemory request was completed. (0x12B)
[0912/124801.943:ERROR:process_memory_win.cc(73)] ReadMemory at 0x7ddb623000 of 6024 bytes failed: Only part of a ReadProcessMemory or WriteProcessMemory request was completed. (0x12B)
[0912/124801.943:ERROR:process_memory_win.cc(73)] ReadMemory at 0x7ddb625000 of 6024 bytes failed: Only part of a ReadProcessMemory or WriteProcessMemory request was completed. (0x12B)
[0912/124801.943:ERROR:process_memory_win.cc(73)] ReadMemory at 0x1b2f2013780 of 512 bytes failed: Only part of a ReadProcessMemory or WriteProcessMemory request was completed. (0x12B)
[0912/124801.943:ERROR:process_memory_win.cc(73)] ReadMemory at 0x1b2f2020c70 of 512 bytes failed: Only part of a ReadProcessMemory or WriteProcessMemory request was completed. (0x12B)
[0912/124801.943:ERROR:process_memory_win.cc(73)] ReadMemory at 0x1b2f2050ab0 of 512 bytes failed: Only part of a ReadProcessMemory or WriteProcessMemory request was completed. (0x12B)
[0912/124801.943:ERROR:process_memory_win.cc(73)] ReadMemory at 0x1b2f2050fc0 of 14648 bytes failed: Only part of a ReadProcessMemory or WriteProcessMemory request was completed. (0x12B)
[0912/124801.943:ERROR:process_memory_win.cc(73)] ReadMemory at 0x1b2f2054900 of 1012 bytes failed: Only part of a ReadProcessMemory or WriteProcessMemory request was completed. (0x12B)
[0912/124801.943:ERROR:process_memory_win.cc(73)] ReadMemory at 0x1b2f2054f18 of 118 bytes failed: Only part of a ReadProcessMemory or WriteProcessMemory request was completed. (0x12B)
[0912/124801.943:ERROR:process_memory_win.cc(73)] ReadMemory at 0x1b2f2054f90 of 780 bytes failed: Only part of a ReadProcessMemory or WriteProcessMemory request was completed. (0x12B)
[0912/124801.944:ERROR:process_memory_win.cc(73)] ReadMemory at 0x1b2f205529e of 118 bytes failed: Only part of a ReadProcessMemory or WriteProcessMemory request was completed. (0x12B)
[0912/124801.944:ERROR:process_memory_win.cc(73)] ReadMemory at 0x1b2f2055316 of 100 bytes failed: Only part of a ReadProcessMemory or WriteProcessMemory request was completed. (0x12B)
[0912/124801.944:ERROR:process_memory_win.cc(73)] ReadMemory at 0x1b2f2055390 of 58 bytes failed: Only part of a ReadProcessMemory or WriteProcessMemory request was completed. (0x12B)
[0912/124801.944:ERROR:process_memory_win.cc(73)] ReadMemory at 0x1b2f2055490 of 132 bytes failed: Only part of a ReadProcessMemory or WriteProcessMemory request was completed. (0x12B)
[0912/124801.944:ERROR:process_memory_win.cc(73)] ReadMemory at 0x1b2f2055620 of 132 bytes failed: Only part of a ReadProcessMemory or WriteProcessMemory request was completed. (0x12B)
[0912/124801.944:ERROR:process_memory_win.cc(73)] ReadMemory at 0x1b2f20557e0 of 126 bytes failed: Only part of a ReadProcessMemory or WriteProcessMemory request was completed. (0x12B)
[0912/124801.944:ERROR:process_memory_win.cc(73)] ReadMemory at 0x1b2f2055bc0 of 132 bytes failed: Only part of a ReadProcessMemory or WriteProcessMemory request was completed. (0x12B)
[0912/124801.944:ERROR:process_memory_win.cc(73)] ReadMemory at 0x1b2f2055d50 of 64 bytes failed: Only part of a ReadProcessMemory or WriteProcessMemory request was completed. (0x12B)
[0912/124801.944:ERROR:process_memory_win.cc(73)] ReadMemory at 0x1b2f2055da0 of 132 bytes failed: Only part of a ReadProcessMemory or WriteProcessMemory request was completed. (0x12B)
[0912/124801.944:ERROR:process_memory_win.cc(73)] ReadMemory at 0x1b2f2055f10 of 132 bytes failed: Only part of a ReadProcessMemory or WriteProcessMemory request was completed. (0x12B)
[0912/124802.153:ERROR:process_memory_win.cc(73)] ReadMemory at 0x1b2f20561a0 of 132 bytes failed: Only part of a ReadProcessMemory or WriteProcessMemory request was completed. (0x12B)
[0912/124802.153:ERROR:process_memory_win.cc(73)] ReadMemory at 0x1b2f2056330 of 68 bytes failed: Only part of a ReadProcessMemory or WriteProcessMemory request was completed. (0x12B)
[0912/124802.154:ERROR:process_memory_win.cc(73)] ReadMemory at 0x1b2f20571d0 of 132 bytes failed: Only part of a ReadProcessMemory or WriteProcessMemory request was completed. (0x12B)
[0912/124802.154:ERROR:process_memory_win.cc(73)] ReadMemory at 0x1b2f2057360 of 154 bytes failed: Only part of a ReadProcessMemory or WriteProcessMemory request was completed. (0x12B)
[0912/124802.154:ERROR:process_memory_win.cc(73)] ReadMemory at 0x1b2f2058020 of 132 bytes failed: Only part of a ReadProcessMemory or WriteProcessMemory request was completed. (0x12B)
[0912/124802.154:ERROR:process_memory_win.cc(73)] ReadMemory at 0x1b2f2058170 of 512 bytes failed: Only part of a ReadProcessMemory or WriteProcessMemory request was completed. (0x12B)
[0912/124802.154:ERROR:process_memory_win.cc(73)] ReadMemory at 0x1b2f2058c80 of 62 bytes failed: Only part of a ReadProcessMemory or WriteProcessMemory request was completed. (0x12B)
[0912/124802.155:ERROR:process_memory_win.cc(73)] ReadMemory at 0x1b2f2058de0 of 132 bytes failed: Only part of a ReadProcessMemory or WriteProcessMemory request was completed. (0x12B)
[0912/124802.155:ERROR:process_memory_win.cc(73)] ReadMemory at 0x1b2f2058f70 of 60 bytes failed: Only part of a ReadProcessMemory or WriteProcessMemory request was completed. (0x12B)
[0912/124802.155:ERROR:process_memory_win.cc(73)] ReadMemory at 0x1b2f205cb20 of 132 bytes failed: Only part of a ReadProcessMemory or WriteProcessMemory request was completed. (0x12B)
[0912/124802.155:ERROR:process_memory_win.cc(73)] ReadMemory at 0x1b2f205cc50 of 132 bytes failed: Only part of a ReadProcessMemory or WriteProcessMemory request was completed. (0x12B)
[0912/124802.156:ERROR:process_memory_win.cc(73)] ReadMemory at 0x1b2f205cde0 of 80 bytes failed: Only part of a ReadProcessMemory or WriteProcessMemory request was completed. (0x12B)
[0912/124802.156:ERROR:process_memory_win.cc(73)] ReadMemory at 0x1b2f205cf80 of 60 bytes failed: Only part of a ReadProcessMemory or WriteProcessMemory request was completed. (0x12B)
[0912/124802.156:ERROR:process_memory_win.cc(73)] ReadMemory at 0x1b2f205cfd0 of 60 bytes failed: Only part of a ReadProcessMemory or WriteProcessMemory request was completed. (0x12B)
[0912/124802.156:ERROR:process_memory_win.cc(73)] ReadMemory at 0x1b2f205d070 of 62 bytes failed: Only part of a ReadProcessMemory or WriteProcessMemory request was completed. (0x12B)
[0912/124802.337:ERROR:process_memory_win.cc(73)] ReadMemory at 0x1b2f205d0c0 of 64 bytes failed: Only part of a ReadProcessMemory or WriteProcessMemory request was completed. (0x12B)
[0912/124802.337:ERROR:process_memory_win.cc(73)] ReadMemory at 0x1b2f205d110 of 62 bytes failed: Only part of a ReadProcessMemory or WriteProcessMemory request was completed. (0x12B)
[0912/124802.337:ERROR:process_memory_win.cc(73)] ReadMemory at 0x1b2f205d160 of 60 bytes failed: Only part of a ReadProcessMemory or WriteProcessMemory request was completed. (0x12B)
[0912/124802.338:ERROR:process_memory_win.cc(73)] ReadMemory at 0x1b2f205d1b0 of 60 bytes failed: Only part of a ReadProcessMemory or WriteProcessMemory request was completed. (0x12B)
[0912/124802.338:ERROR:process_memory_win.cc(73)] ReadMemory at 0x1b2f205d200 of 64 bytes failed: Only part of a ReadProcessMemory or WriteProcessMemory request was completed. (0x12B)
[0912/124802.338:ERROR:process_memory_win.cc(73)] ReadMemory at 0x1b2f205d250 of 66 bytes failed: Only part of a ReadProcessMemory or WriteProcessMemory request was completed. (0x12B)
[0912/124802.338:ERROR:process_memory_win.cc(73)] ReadMemory at 0x1b2f205d2a0 of 66 bytes failed: Only part of a ReadProcessMemory or WriteProcessMemory request was completed. (0x12B)
[0912/124802.339:ERROR:process_memory_win.cc(73)] ReadMemory at 0x1b2f205d2f0 of 62 bytes failed: Only part of a ReadProcessMemory or WriteProcessMemory request was completed. (0x12B)
[0912/124802.339:ERROR:process_memory_win.cc(73)] ReadMemory at 0x1b2f205d340 of 64 bytes failed: Only part of a ReadProcessMemory or WriteProcessMemory request was completed. (0x12B)
[0912/124802.339:ERROR:process_memory_win.cc(73)] ReadMemory at 0x1b2f205d390 of 64 bytes failed: Only part of a ReadProcessMemory or WriteProcessMemory request was completed. (0x12B)
[0912/124802.339:ERROR:process_memory_win.cc(73)] ReadMemory at 0x1b2f205d3e0 of 62 bytes failed: Only part of a ReadProcessMemory or WriteProcessMemory request was completed. (0x12B)
[0912/124802.339:ERROR:process_memory_win.cc(73)] ReadMemory at 0x1b2f205d480 of 58 bytes failed: Only part of a ReadProcessMemory or WriteProcessMemory request was completed. (0x12B)
[0912/124802.339:ERROR:process_memory_win.cc(73)] ReadMemory at 0x1b2f205d4d0 of 62 bytes failed: Only part of a ReadProcessMemory or WriteProcessMemory request was completed. (0x12B)
[0912/124802.340:ERROR:process_memory_win.cc(73)] ReadMemory at 0x1b2f205d570 of 60 bytes failed: Only part of a ReadProcessMemory or WriteProcessMemory request was completed. (0x12B)
[0912/124802.340:ERROR:process_memory_win.cc(73)] ReadMemory at 0x1b2f205d610 of 64 bytes failed: Only part of a ReadProcessMemory or WriteProcessMemory request was completed. (0x12B)
[0912/124802.340:ERROR:process_memory_win.cc(73)] ReadMemory at 0x1b2f205d660 of 60 bytes failed: Only part of a ReadProcessMemory or WriteProcessMemory request was completed. (0x12B)
[0912/124802.340:ERROR:process_memory_win.cc(73)] ReadMemory at 0x1b2f205d6b0 of 58 bytes failed: Only part of a ReadProcessMemory or WriteProcessMemory request was completed. (0x12B)
[0912/124802.340:ERROR:process_memory_win.cc(73)] ReadMemory at 0x1b2f205db90 of 132 bytes failed: Only part of a ReadProcessMemory or WriteProcessMemory request was completed. (0x12B)
[0912/124802.341:ERROR:process_memory_win.cc(73)] ReadMemory at 0x1b2f205dcc0 of 132 bytes failed: Only part of a ReadProcessMemory or WriteProcessMemory request was completed. (0x12B)
[0912/124802.341:ERROR:process_memory_win.cc(73)] ReadMemory at 0x1b2f205df20 of 132 bytes failed: Only part of a ReadProcessMemory or WriteProcessMemory request was completed. (0x12B)
[0912/124802.341:ERROR:process_memory_win.cc(73)] ReadMemory at 0x1b2f205e050 of 132 bytes failed: Only part of a ReadProcessMemory or WriteProcessMemory request was completed. (0x12B)
[0912/124802.341:ERROR:process_memory_win.cc(73)] ReadMemory at 0x1b2f205e180 of 132 bytes failed: Only part of a ReadProcessMemory or WriteProcessMemory request was completed. (0x12B)
[0912/124802.341:ERROR:process_memory_win.cc(73)] ReadMemory at 0x1b2f205e2b0 of 132 bytes failed: Only part of a ReadProcessMemory or WriteProcessMemory request was completed. (0x12B)
[0912/124802.342:ERROR:process_memory_win.cc(73)] ReadMemory at 0x1b2f205e510 of 132 bytes failed: Only part of a ReadProcessMemory or WriteProcessMemory request was completed. (0x12B)
[0912/124802.342:ERROR:process_memory_win.cc(73)] ReadMemory at 0x1b2f205e770 of 132 bytes failed: Only part of a ReadProcessMemory or WriteProcessMemory request was completed. (0x12B)
[0912/124802.342:ERROR:process_memory_win.cc(73)] ReadMemory at 0x1b2f205e8a0 of 132 bytes failed: Only part of a ReadProcessMemory or WriteProcessMemory request was completed. (0x12B)
[0912/124802.342:ERROR:process_memory_win.cc(73)] ReadMemory at 0x1b2f205e9d0 of 132 bytes failed: Only part of a ReadProcessMemory or WriteProcessMemory request was completed. (0x12B)
[0912/124802.342:ERROR:process_memory_win.cc(73)] ReadMemory at 0x1b2f205eb00 of 132 bytes failed: Only part of a ReadProcessMemory or WriteProcessMemory request was completed. (0x12B)
[0912/124802.343:ERROR:process_memory_win.cc(73)] ReadMemory at 0x1b2f205ec30 of 132 bytes failed: Only part of a ReadProcessMemory or WriteProcessMemory request was completed. (0x12B)
[0912/124802.343:ERROR:process_memory_win.cc(73)] ReadMemory at 0x1b2f205ed60 of 132 bytes failed: Only part of a ReadProcessMemory or WriteProcessMemory request was completed. (0x12B)
[0912/124802.343:ERROR:process_memory_win.cc(73)] ReadMemory at 0x1b2f205ee90 of 132 bytes failed: Only part of a ReadProcessMemory or WriteProcessMemory request was completed. (0x12B)
[0912/124802.343:ERROR:process_memory_win.cc(73)] ReadMemory at 0x1b2f205efc0 of 132 bytes failed: Only part of a ReadProcessMemory or WriteProcessMemory request was completed. (0x12B)
[0912/124802.343:ERROR:process_memory_win.cc(73)] ReadMemory at 0x1b2f205f0f0 of 132 bytes failed: Only part of a ReadProcessMemory or WriteProcessMemory request was completed. (0x12B)
[0912/124802.343:ERROR:process_memory_win.cc(73)] ReadMemory at 0x1b2f205f220 of 132 bytes failed: Only part of a ReadProcessMemory or WriteProcessMemory request was completed. (0x12B)
[0912/124802.344:ERROR:process_memory_win.cc(73)] ReadMemory at 0x1b2f205f350 of 132 bytes failed: Only part of a ReadProcessMemory or WriteProcessMemory request was completed. (0x12B)
[0912/124802.344:ERROR:process_memory_win.cc(73)] ReadMemory at 0x1b2f205f480 of 132 bytes failed: Only part of a ReadProcessMemory or WriteProcessMemory request was completed. (0x12B)
[0912/124802.344:ERROR:process_memory_win.cc(73)] ReadMemory at 0x1b2f205f5b0 of 132 bytes failed: Only part of a ReadProcessMemory or WriteProcessMemory request was completed. (0x12B)
[0912/124802.344:ERROR:process_memory_win.cc(73)] ReadMemory at 0x1b2f20607c0 of 132 bytes failed: Only part of a ReadProcessMemory or WriteProcessMemory request was completed. (0x12B)
[0912/124802.344:ERROR:process_memory_win.cc(73)] ReadMemory at 0x1b2f20608f0 of 132 bytes failed: Only part of a ReadProcessMemory or WriteProcessMemory request was completed. (0x12B)
[0912/124802.344:ERROR:process_memory_win.cc(73)] ReadMemory at 0x1b2f2060a20 of 132 bytes failed: Only part of a ReadProcessMemory or WriteProcessMemory request was completed. (0x12B)
[0912/124802.345:ERROR:process_memory_win.cc(73)] ReadMemory at 0x1b2f2060b50 of 132 bytes failed: Only part of a ReadProcessMemory or WriteProcessMemory request was completed. (0x12B)
[0912/124802.345:ERROR:process_memory_win.cc(73)] ReadMemory at 0x1b2f2060c80 of 132 bytes failed: Only part of a ReadProcessMemory or WriteProcessMemory request was completed. (0x12B)
[0912/124802.345:ERROR:process_memory_win.cc(73)] ReadMemory at 0x1b2f2060db0 of 132 bytes failed: Only part of a ReadProcessMemory or WriteProcessMemory request was completed. (0x12B)
[0912/124802.346:ERROR:process_memory_win.cc(73)] ReadMemory at 0x1b2f2061790 of 132 bytes failed: Only part of a ReadProcessMemory or WriteProcessMemory request was completed. (0x12B)
[0912/124802.346:ERROR:process_memory_win.cc(73)] ReadMemory at 0x1b2f2062e00 of 76 bytes failed: Only part of a ReadProcessMemory or WriteProcessMemory request was completed. (0x12B)
[0912/124802.346:ERROR:process_memory_win.cc(73)] ReadMemory at 0x1b2f2064c50 of 132 bytes failed: Only part of a ReadProcessMemory or WriteProcessMemory request was completed. (0x12B)
[0912/124802.346:ERROR:process_memory_win.cc(73)] ReadMemory at 0x1b2f2064d80 of 132 bytes failed: Only part of a ReadProcessMemory or WriteProcessMemory request was completed. (0x12B)
[0912/124802.346:ERROR:process_memory_win.cc(73)] ReadMemory at 0x1b2f2065120 of 54 bytes failed: Only part of a ReadProcessMemory or WriteProcessMemory request was completed. (0x12B)
[0912/124802.347:ERROR:process_memory_win.cc(73)] ReadMemory at 0x1b2f20658f0 of 132 bytes failed: Only part of a ReadProcessMemory or WriteProcessMemory request was completed. (0x12B)
[0912/124802.347:ERROR:process_memory_win.cc(73)] ReadMemory at 0x1b2f2065bb0 of 132 bytes failed: Only part of a ReadProcessMemory or WriteProcessMemory request was completed. (0x12B)
[0912/124802.347:ERROR:process_memory_win.cc(73)] ReadMemory at 0x1b2f2065ee0 of 158 bytes failed: Only part of a ReadProcessMemory or WriteProcessMemory request was completed. (0x12B)
[0912/124802.347:ERROR:process_memory_win.cc(73)] ReadMemory at 0x1b2f2067390 of 132 bytes failed: Only part of a ReadProcessMemory or WriteProcessMemory request was completed. (0x12B)
[0912/124802.347:ERROR:process_memory_win.cc(73)] ReadMemory at 0x1b2f206a620 of 66 bytes failed: Only part of a ReadProcessMemory or WriteProcessMemory request was completed. (0x12B)
[0912/124802.348:ERROR:process_memory_win.cc(73)] ReadMemory at 0x1b2f206a710 of 62 bytes failed: Only part of a ReadProcessMemory or WriteProcessMemory request was completed. (0x12B)
[0912/124802.348:ERROR:process_memory_win.cc(73)] ReadMemory at 0x1b2f206a850 of 62 bytes failed: Only part of a ReadProcessMemory or WriteProcessMemory request was completed. (0x12B)
[0912/124802.348:ERROR:process_memory_win.cc(73)] ReadMemory at 0x1b2f206a940 of 60 bytes failed: Only part of a ReadProcessMemory or WriteProcessMemory request was completed. (0x12B)
[0912/124802.348:ERROR:process_memory_win.cc(73)] ReadMemory at 0x1b2f206a9e0 of 64 bytes failed: Only part of a ReadProcessMemory or WriteProcessMemory request was completed. (0x12B)
[0912/124802.348:ERROR:process_memory_win.cc(73)] ReadMemory at 0x1b2f206aad0 of 64 bytes failed: Only part of a ReadProcessMemory or WriteProcessMemory request was completed. (0x12B)
[0912/124802.348:ERROR:process_memory_win.cc(73)] ReadMemory at 0x1b2f206ab20 of 60 bytes failed: Only part of a ReadProcessMemory or WriteProcessMemory request was completed. (0x12B)
[0912/124802.349:ERROR:process_memory_win.cc(73)] ReadMemory at 0x1b2f206ada0 of 62 bytes failed: Only part of a ReadProcessMemory or WriteProcessMemory request was completed. (0x12B)
[0912/124802.349:ERROR:process_memory_win.cc(73)] ReadMemory at 0x1b2f206adf0 of 62 bytes failed: Only part of a ReadProcessMemory or WriteProcessMemory request was completed. (0x12B)
[0912/124802.349:ERROR:process_memory_win.cc(73)] ReadMemory at 0x1b2f206af80 of 62 bytes failed: Only part of a ReadProcessMemory or WriteProcessMemory request was completed. (0x12B)
[0912/124802.349:ERROR:process_memory_win.cc(73)] ReadMemory at 0x1b2f206afd0 of 64 bytes failed: Only part of a ReadProcessMemory or WriteProcessMemory request was completed. (0x12B)
[0912/124802.349:ERROR:process_memory_win.cc(73)] ReadMemory at 0x1b2f206b200 of 58 bytes failed: Only part of a ReadProcessMemory or WriteProcessMemory request was completed. (0x12B)
[0912/124802.349:ERROR:process_memory_win.cc(73)] ReadMemory at 0x1b2f2077f50 of 512 bytes failed: Only part of a ReadProcessMemory or WriteProcessMemory request was completed. (0x12B)
[0912/124802.350:ERROR:process_memory_win.cc(73)] ReadMemory at 0x1b2f2083940 of 512 bytes failed: Only part of a ReadProcessMemory or WriteProcessMemory request was completed. (0x12B)
[0912/124802.350:ERROR:process_memory_win.cc(73)] ReadMemory at 0x1b2f2084890 of 512 bytes failed: Only part of a ReadProcessMemory or WriteProcessMemory request was completed. (0x12B)
[0912/124802.350:ERROR:process_memory_win.cc(73)] ReadMemory at 0x1b2f26e6768 of 512 bytes failed: Only part of a ReadProcessMemory or WriteProcessMemory request was completed. (0x12B)
[0912/124802.350:ERROR:process_memory_win.cc(73)] ReadMemory at 0x1b2f27315c0 of 512 bytes failed: Only part of a ReadProcessMemory or WriteProcessMemory request was completed. (0x12B)
[0912/124802.351:ERROR:process_memory_win.cc(73)] ReadMemory at 0x1b2f2732db0 of 512 bytes failed: Only part of a ReadProcessMemory or WriteProcessMemory request was completed. (0x12B)
[0912/124802.351:ERROR:process_memory_win.cc(73)] ReadMemory at 0x1b2f2733530 of 512 bytes failed: Only part of a ReadProcessMemory or WriteProcessMemory request was completed. (0x12B)
[0912/124802.351:ERROR:process_memory_win.cc(73)] ReadMemory at 0x1b2f2733f80 of 512 bytes failed: Only part of a ReadProcessMemory or WriteProcessMemory request was completed. (0x12B)
[0912/124802.351:ERROR:process_memory_win.cc(73)] ReadMemory at 0x1b2f275c300 of 512 bytes failed: Only part of a ReadProcessMemory or WriteProcessMemory request was completed. (0x12B)
[0912/124802.351:ERROR:process_memory_win.cc(73)] ReadMemory at 0x1b2f275eb20 of 800 bytes failed: Only part of a ReadProcessMemory or WriteProcessMemory request was completed. (0x12B)
[0912/124802.352:ERROR:process_memory_win.cc(73)] ReadMemory at 0x1b2f2789818 of 512 bytes failed: Only part of a ReadProcessMemory or WriteProcessMemory request was completed. (0x12B)
[0912/124802.352:ERROR:process_memory_win.cc(73)] ReadMemory at 0x1b2f278a2c8 of 512 bytes failed: Only part of a ReadProcessMemory or WriteProcessMemory request was completed. (0x12B)
[0912/124802.352:ERROR:process_memory_win.cc(73)] ReadMemory at 0x1b2f43e0000 of 384 bytes failed: Only part of a ReadProcessMemory or WriteProcessMemory request was completed. (0x12B)
[0912/124802.352:ERROR:process_memory_win.cc(73)] ReadMemory at 0x1b2f4444760 of 512 bytes failed: Only part of a ReadProcessMemory or WriteProcessMemory request was completed. (0x12B)
[0912/124802.352:ERROR:process_memory_win.cc(73)] ReadMemory at 0x1b2f45298c0 of 512 bytes failed: Only part of a ReadProcessMemory or WriteProcessMemory request was completed. (0x12B)
[0912/124802.353:ERROR:process_memory_win.cc(73)] ReadMemory at 0x85641a2326c of 512 bytes failed: Only part of a ReadProcessMemory or WriteProcessMemory request was completed. (0x12B)
[0912/124802.353:ERROR:process_memory_win.cc(73)] ReadMemory at 0x85641a4438b of 512 bytes failed: Only part of a ReadProcessMemory or WriteProcessMemory request was completed. (0x12B)
[0912/124802.353:ERROR:process_memory_win.cc(73)] ReadMemory at 0x7ffc307a7e4c of 512 bytes failed: Only part of a ReadProcessMemory or WriteProcessMemory request was completed. (0x12B)
[0912/124802.353:ERROR:process_memory_win.cc(73)] ReadMemory at 0x7ffc321ae062 of 512 bytes failed: Only part of a ReadProcessMemory or WriteProcessMemory request was completed. (0x12B)
[0912/124802.353:ERROR:process_memory_win.cc(73)] ReadMemory at 0x7ffc43d1580a of 512 bytes failed: Only part of a ReadProcessMemory or WriteProcessMemory request was completed. (0x12B)
[0912/124802.354:ERROR:process_memory_win.cc(73)] ReadMemory at 0x7ffc43d16061 of 512 bytes failed: Only part of a ReadProcessMemory or WriteProcessMemory request was completed. (0x12B)
[0912/124802.354:ERROR:process_memory_win.cc(73)] ReadMemory at 0x7ffc7c180e00 of 512 bytes failed: Only part of a ReadProcessMemory or WriteProcessMemory request was completed. (0x12B)
[0912/124802.354:ERROR:process_memory_win.cc(73)] ReadMemory at 0x7ffc7c5679f0 of 512 bytes failed: Only part of a ReadProcessMemory or WriteProcessMemory request was completed. (0x12B)
[0912/124802.354:ERROR:process_memory_win.cc(73)] ReadMemory at 0x7ffc7c5682e0 of 512 bytes failed: Only part of a ReadProcessMemory or WriteProcessMemory request was completed. (0x12B)
[0912/124802.354:ERROR:process_memory_win.cc(73)] ReadMemory at 0x7ffc7c56a0d0 of 512 bytes failed: Only part of a ReadProcessMemory or WriteProcessMemory request was completed. (0x12B)
[0912/124802.355:ERROR:process_memory_win.cc(73)] ReadMemory at 0x7ffc7c5da9a4 of 672 bytes failed: Only part of a ReadProcessMemory or WriteProcessMemory request was completed. (0x12B)
[0912/124802.355:ERROR:process_memory_win.cc(73)] ReadMemory at 0x7ffc7c5de214 of 608 bytes failed: Only part of a ReadProcessMemory or WriteProcessMemory request was completed. (0x12B)
[0912/124802.355:ERROR:process_memory_win.cc(73)] ReadMemory at 0x7ffc7c659380 of 512 bytes failed: Only part of a ReadProcessMemory or WriteProcessMemory request was completed. (0x12B)
[0912/124802.355:ERROR:process_memory_win.cc(73)] ReadMemory at 0x7ffc7c6601e0 of 18 bytes failed: Only part of a ReadProcessMemory or WriteProcessMemory request was completed. (0x12B)
[0912/124802.355:ERROR:process_memory_win.cc(73)] ReadMemory at 0x7ffc7c6965b0 of 40 bytes failed: Only part of a ReadProcessMemory or WriteProcessMemory request was completed. (0x12B)
[0912/124802.355:ERROR:process_memory_win.cc(73)] ReadMemory at 0x7ffc7c696a08 of 48 bytes failed: Only part of a ReadProcessMemory or WriteProcessMemory request was completed. (0x12B)
[0912/124802.355:ERROR:process_memory_win.cc(73)] ReadMemory at 0x7ffc7c69c360 of 64 bytes failed: Only part of a ReadProcessMemory or WriteProcessMemory request was completed. (0x12B)
[0912/124805.655:ERROR:scoped_process_suspend.cc(40)] NtResumeProcess: An attempt was made to access an exiting process. (0xc000010a)
